<?xml version="1.0" encoding="UTF-8"?>
<!-- Generated by org.testng.reporters.JUnitReportReporter -->
<testsuite hostname="LAPTOP-EO6QEC52" name="OpencartPOM.VerifyLogin" tests="1" failures="0" timestamp="12 Apr 2022 09:16:18 GMT" time="11.507" errors="0">
  <testcase name="TestUser" time="11.507" classname="OpencartPOM.VerifyLogin"/>
</testsuite> <!-- OpencartPOM.VerifyLogin -->
